2023-03-03T10:40:00+00:00 CRITICAL Uncaught Error: Call to undefined function pixelshow_string_limit_words() in /Applications/MAMP/htdocs/progettovenerdi/wp-content/plugins/belinni-theme-addons/widgets/post-widget.php:66
Stack trace:
#0 /Applications/MAMP/htdocs/progettovenerdi/wp-includes/class-wp-widget.php(394): latest_news_widget->widget(Array, Array)
#1 /Applications/MAMP/htdocs/progettovenerdi/wp-includes/widgets.php(835): WP_Widget->display_callback(Array, Array)
#2 /Applications/MAMP/htdocs/progettovenerdi/wp-content/themes/astra/inc/markup-extras.php(1283): dynamic_sidebar('footer-widget-2')
#3 /Applications/MAMP/htdocs/progettovenerdi/wp-content/themes/astra/template-parts/footer/builder/components.php(71): astra_get_sidebar('footer-widget-2')
#4 /Applications/MAMP/htdocs/progettovenerdi/wp-includes/template.php(785): require('/Applications/M...')
#5 /Applications/MAMP/htdocs/progettovenerdi/wp-includes/template.php(718): load_template('/Applications/M...', false, Array)
#6 /Applications/MAMP/htdocs/progettovenerdi/wp-includes/genera in /Applications/MAMP/htdocs/progettovenerdi/wp-content/plugins/belinni-theme-addons/widgets/post-widget.php alla riga 66

2023-03-03T10:40:08+00:00 CRITICAL Uncaught Error: Call to undefined function pixelshow_string_limit_words() in /Applications/MAMP/htdocs/progettovenerdi/wp-content/plugins/belinni-theme-addons/widgets/post-widget.php:66
Stack trace:
#0 /Applications/MAMP/htdocs/progettovenerdi/wp-includes/class-wp-widget.php(394): latest_news_widget->widget(Array, Array)
#1 /Applications/MAMP/htdocs/progettovenerdi/wp-includes/widgets.php(835): WP_Widget->display_callback(Array, Array)
#2 /Applications/MAMP/htdocs/progettovenerdi/wp-content/themes/astra/inc/markup-extras.php(1283): dynamic_sidebar('footer-widget-2')
#3 /Applications/MAMP/htdocs/progettovenerdi/wp-content/themes/astra/template-parts/footer/builder/components.php(71): astra_get_sidebar('footer-widget-2')
#4 /Applications/MAMP/htdocs/progettovenerdi/wp-includes/template.php(785): require('/Applications/M...')
#5 /Applications/MAMP/htdocs/progettovenerdi/wp-includes/template.php(718): load_template('/Applications/M...', false, Array)
#6 /Applications/MAMP/htdocs/progettovenerdi/wp-includes/genera in /Applications/MAMP/htdocs/progettovenerdi/wp-content/plugins/belinni-theme-addons/widgets/post-widget.php alla riga 66

2023-03-03T10:40:27+00:00 CRITICAL Uncaught Error: Call to undefined function pixelshow_string_limit_words() in /Applications/MAMP/htdocs/progettovenerdi/wp-content/plugins/belinni-theme-addons/widgets/post-widget.php:66
Stack trace:
#0 /Applications/MAMP/htdocs/progettovenerdi/wp-includes/class-wp-widget.php(394): latest_news_widget->widget(Array, Array)
#1 /Applications/MAMP/htdocs/progettovenerdi/wp-includes/widgets.php(835): WP_Widget->display_callback(Array, Array)
#2 /Applications/MAMP/htdocs/progettovenerdi/wp-content/themes/astra/inc/markup-extras.php(1283): dynamic_sidebar('footer-widget-2')
#3 /Applications/MAMP/htdocs/progettovenerdi/wp-content/themes/astra/template-parts/footer/builder/components.php(71): astra_get_sidebar('footer-widget-2')
#4 /Applications/MAMP/htdocs/progettovenerdi/wp-includes/template.php(785): require('/Applications/M...')
#5 /Applications/MAMP/htdocs/progettovenerdi/wp-includes/template.php(718): load_template('/Applications/M...', false, Array)
#6 /Applications/MAMP/htdocs/progettovenerdi/wp-includes/genera in /Applications/MAMP/htdocs/progettovenerdi/wp-content/plugins/belinni-theme-addons/widgets/post-widget.php alla riga 66

2023-03-03T10:40:34+00:00 CRITICAL Uncaught Error: Call to undefined function pixelshow_string_limit_words() in /Applications/MAMP/htdocs/progettovenerdi/wp-content/plugins/belinni-theme-addons/widgets/post-widget.php:66
Stack trace:
#0 /Applications/MAMP/htdocs/progettovenerdi/wp-includes/class-wp-widget.php(394): latest_news_widget->widget(Array, Array)
#1 /Applications/MAMP/htdocs/progettovenerdi/wp-includes/widgets.php(835): WP_Widget->display_callback(Array, Array)
#2 /Applications/MAMP/htdocs/progettovenerdi/wp-content/themes/astra/inc/markup-extras.php(1283): dynamic_sidebar('footer-widget-2')
#3 /Applications/MAMP/htdocs/progettovenerdi/wp-content/themes/astra/template-parts/footer/builder/components.php(71): astra_get_sidebar('footer-widget-2')
#4 /Applications/MAMP/htdocs/progettovenerdi/wp-includes/template.php(785): require('/Applications/M...')
#5 /Applications/MAMP/htdocs/progettovenerdi/wp-includes/template.php(718): load_template('/Applications/M...', false, Array)
#6 /Applications/MAMP/htdocs/progettovenerdi/wp-includes/genera in /Applications/MAMP/htdocs/progettovenerdi/wp-content/plugins/belinni-theme-addons/widgets/post-widget.php alla riga 66

2023-03-03T10:40:35+00:00 CRITICAL Uncaught Error: Call to undefined function pixelshow_string_limit_words() in /Applications/MAMP/htdocs/progettovenerdi/wp-content/plugins/belinni-theme-addons/widgets/post-widget.php:66
Stack trace:
#0 /Applications/MAMP/htdocs/progettovenerdi/wp-includes/class-wp-widget.php(394): latest_news_widget->widget(Array, Array)
#1 /Applications/MAMP/htdocs/progettovenerdi/wp-includes/widgets.php(835): WP_Widget->display_callback(Array, Array)
#2 /Applications/MAMP/htdocs/progettovenerdi/wp-content/themes/astra/inc/markup-extras.php(1283): dynamic_sidebar('footer-widget-2')
#3 /Applications/MAMP/htdocs/progettovenerdi/wp-content/themes/astra/template-parts/footer/builder/components.php(71): astra_get_sidebar('footer-widget-2')
#4 /Applications/MAMP/htdocs/progettovenerdi/wp-includes/template.php(785): require('/Applications/M...')
#5 /Applications/MAMP/htdocs/progettovenerdi/wp-includes/template.php(718): load_template('/Applications/M...', false, Array)
#6 /Applications/MAMP/htdocs/progettovenerdi/wp-includes/genera in /Applications/MAMP/htdocs/progettovenerdi/wp-content/plugins/belinni-theme-addons/widgets/post-widget.php alla riga 66

2023-03-03T10:40:38+00:00 CRITICAL Uncaught Error: Call to undefined function pixelshow_string_limit_words() in /Applications/MAMP/htdocs/progettovenerdi/wp-content/plugins/belinni-theme-addons/widgets/post-widget.php:66
Stack trace:
#0 /Applications/MAMP/htdocs/progettovenerdi/wp-includes/class-wp-widget.php(394): latest_news_widget->widget(Array, Array)
#1 /Applications/MAMP/htdocs/progettovenerdi/wp-includes/widgets.php(835): WP_Widget->display_callback(Array, Array)
#2 /Applications/MAMP/htdocs/progettovenerdi/wp-content/themes/astra/inc/markup-extras.php(1283): dynamic_sidebar('footer-widget-2')
#3 /Applications/MAMP/htdocs/progettovenerdi/wp-content/themes/astra/template-parts/footer/builder/components.php(71): astra_get_sidebar('footer-widget-2')
#4 /Applications/MAMP/htdocs/progettovenerdi/wp-includes/template.php(785): require('/Applications/M...')
#5 /Applications/MAMP/htdocs/progettovenerdi/wp-includes/template.php(718): load_template('/Applications/M...', false, Array)
#6 /Applications/MAMP/htdocs/progettovenerdi/wp-includes/genera in /Applications/MAMP/htdocs/progettovenerdi/wp-content/plugins/belinni-theme-addons/widgets/post-widget.php alla riga 66

2023-03-03T10:40:46+00:00 CRITICAL Uncaught Error: Call to undefined function pixelshow_string_limit_words() in /Applications/MAMP/htdocs/progettovenerdi/wp-content/plugins/belinni-theme-addons/widgets/post-widget.php:66
Stack trace:
#0 /Applications/MAMP/htdocs/progettovenerdi/wp-includes/class-wp-widget.php(394): latest_news_widget->widget(Array, Array)
#1 /Applications/MAMP/htdocs/progettovenerdi/wp-includes/widgets.php(835): WP_Widget->display_callback(Array, Array)
#2 /Applications/MAMP/htdocs/progettovenerdi/wp-content/themes/astra/inc/markup-extras.php(1283): dynamic_sidebar('footer-widget-2')
#3 /Applications/MAMP/htdocs/progettovenerdi/wp-content/themes/astra/template-parts/footer/builder/components.php(71): astra_get_sidebar('footer-widget-2')
#4 /Applications/MAMP/htdocs/progettovenerdi/wp-includes/template.php(785): require('/Applications/M...')
#5 /Applications/MAMP/htdocs/progettovenerdi/wp-includes/template.php(718): load_template('/Applications/M...', false, Array)
#6 /Applications/MAMP/htdocs/progettovenerdi/wp-includes/genera in /Applications/MAMP/htdocs/progettovenerdi/wp-content/plugins/belinni-theme-addons/widgets/post-widget.php alla riga 66

2023-03-03T10:41:12+00:00 CRITICAL Uncaught Error: Call to undefined function pixelshow_string_limit_words() in /Applications/MAMP/htdocs/progettovenerdi/wp-content/plugins/belinni-theme-addons/widgets/post-widget.php:66
Stack trace:
#0 /Applications/MAMP/htdocs/progettovenerdi/wp-includes/class-wp-widget.php(394): latest_news_widget->widget(Array, Array)
#1 /Applications/MAMP/htdocs/progettovenerdi/wp-includes/widgets.php(835): WP_Widget->display_callback(Array, Array)
#2 /Applications/MAMP/htdocs/progettovenerdi/wp-content/themes/astra/inc/markup-extras.php(1283): dynamic_sidebar('footer-widget-2')
#3 /Applications/MAMP/htdocs/progettovenerdi/wp-content/themes/astra/template-parts/footer/builder/components.php(71): astra_get_sidebar('footer-widget-2')
#4 /Applications/MAMP/htdocs/progettovenerdi/wp-includes/template.php(785): require('/Applications/M...')
#5 /Applications/MAMP/htdocs/progettovenerdi/wp-includes/template.php(718): load_template('/Applications/M...', false, Array)
#6 /Applications/MAMP/htdocs/progettovenerdi/wp-includes/genera in /Applications/MAMP/htdocs/progettovenerdi/wp-content/plugins/belinni-theme-addons/widgets/post-widget.php alla riga 66

2023-03-03T10:41:15+00:00 CRITICAL Uncaught Error: Call to undefined function pixelshow_string_limit_words() in /Applications/MAMP/htdocs/progettovenerdi/wp-content/plugins/belinni-theme-addons/widgets/post-widget.php:66
Stack trace:
#0 /Applications/MAMP/htdocs/progettovenerdi/wp-includes/class-wp-widget.php(394): latest_news_widget->widget(Array, Array)
#1 /Applications/MAMP/htdocs/progettovenerdi/wp-includes/widgets.php(835): WP_Widget->display_callback(Array, Array)
#2 /Applications/MAMP/htdocs/progettovenerdi/wp-content/themes/astra/inc/markup-extras.php(1283): dynamic_sidebar('footer-widget-2')
#3 /Applications/MAMP/htdocs/progettovenerdi/wp-content/themes/astra/template-parts/footer/builder/components.php(71): astra_get_sidebar('footer-widget-2')
#4 /Applications/MAMP/htdocs/progettovenerdi/wp-includes/template.php(785): require('/Applications/M...')
#5 /Applications/MAMP/htdocs/progettovenerdi/wp-includes/template.php(718): load_template('/Applications/M...', false, Array)
#6 /Applications/MAMP/htdocs/progettovenerdi/wp-includes/genera in /Applications/MAMP/htdocs/progettovenerdi/wp-content/plugins/belinni-theme-addons/widgets/post-widget.php alla riga 66

2023-03-03T10:42:13+00:00 CRITICAL Uncaught Error: Call to undefined function pixelshow_string_limit_words() in /Applications/MAMP/htdocs/progettovenerdi/wp-content/plugins/belinni-theme-addons/widgets/post-widget.php:66
Stack trace:
#0 /Applications/MAMP/htdocs/progettovenerdi/wp-includes/class-wp-widget.php(394): latest_news_widget->widget(Array, Array)
#1 /Applications/MAMP/htdocs/progettovenerdi/wp-includes/widgets.php(835): WP_Widget->display_callback(Array, Array)
#2 /Applications/MAMP/htdocs/progettovenerdi/wp-content/themes/astra/inc/markup-extras.php(1283): dynamic_sidebar('footer-widget-2')
#3 /Applications/MAMP/htdocs/progettovenerdi/wp-content/themes/astra/template-parts/footer/builder/components.php(71): astra_get_sidebar('footer-widget-2')
#4 /Applications/MAMP/htdocs/progettovenerdi/wp-includes/template.php(785): require('/Applications/M...')
#5 /Applications/MAMP/htdocs/progettovenerdi/wp-includes/template.php(718): load_template('/Applications/M...', false, Array)
#6 /Applications/MAMP/htdocs/progettovenerdi/wp-includes/genera in /Applications/MAMP/htdocs/progettovenerdi/wp-content/plugins/belinni-theme-addons/widgets/post-widget.php alla riga 66

2023-03-03T10:43:25+00:00 CRITICAL Uncaught Error: Call to undefined function pixelshow_string_limit_words() in /Applications/MAMP/htdocs/progettovenerdi/wp-content/plugins/belinni-theme-addons/widgets/post-widget.php:66
Stack trace:
#0 /Applications/MAMP/htdocs/progettovenerdi/wp-includes/class-wp-widget.php(394): latest_news_widget->widget(Array, Array)
#1 /Applications/MAMP/htdocs/progettovenerdi/wp-includes/widgets.php(835): WP_Widget->display_callback(Array, Array)
#2 /Applications/MAMP/htdocs/progettovenerdi/wp-content/themes/astra/inc/markup-extras.php(1283): dynamic_sidebar('footer-widget-2')
#3 /Applications/MAMP/htdocs/progettovenerdi/wp-content/themes/astra/template-parts/footer/builder/components.php(71): astra_get_sidebar('footer-widget-2')
#4 /Applications/MAMP/htdocs/progettovenerdi/wp-includes/template.php(785): require('/Applications/M...')
#5 /Applications/MAMP/htdocs/progettovenerdi/wp-includes/template.php(718): load_template('/Applications/M...', false, Array)
#6 /Applications/MAMP/htdocs/progettovenerdi/wp-includes/genera in /Applications/MAMP/htdocs/progettovenerdi/wp-content/plugins/belinni-theme-addons/widgets/post-widget.php alla riga 66

2023-03-03T10:44:04+00:00 CRITICAL Uncaught Error: Call to undefined function pixelshow_string_limit_words() in /Applications/MAMP/htdocs/progettovenerdi/wp-content/plugins/belinni-theme-addons/widgets/post-widget.php:66
Stack trace:
#0 /Applications/MAMP/htdocs/progettovenerdi/wp-includes/class-wp-widget.php(394): latest_news_widget->widget(Array, Array)
#1 /Applications/MAMP/htdocs/progettovenerdi/wp-includes/widgets.php(835): WP_Widget->display_callback(Array, Array)
#2 /Applications/MAMP/htdocs/progettovenerdi/wp-content/themes/astra/inc/markup-extras.php(1283): dynamic_sidebar('footer-widget-2')
#3 /Applications/MAMP/htdocs/progettovenerdi/wp-content/themes/astra/template-parts/footer/builder/components.php(71): astra_get_sidebar('footer-widget-2')
#4 /Applications/MAMP/htdocs/progettovenerdi/wp-includes/template.php(785): require('/Applications/M...')
#5 /Applications/MAMP/htdocs/progettovenerdi/wp-includes/template.php(718): load_template('/Applications/M...', false, Array)
#6 /Applications/MAMP/htdocs/progettovenerdi/wp-includes/genera in /Applications/MAMP/htdocs/progettovenerdi/wp-content/plugins/belinni-theme-addons/widgets/post-widget.php alla riga 66

2023-03-03T10:45:57+00:00 CRITICAL Uncaught Error: Call to undefined function pixelshow_string_limit_words() in /Applications/MAMP/htdocs/progettovenerdi/wp-content/plugins/belinni-theme-addons/widgets/post-widget.php:66
Stack trace:
#0 /Applications/MAMP/htdocs/progettovenerdi/wp-includes/class-wp-widget.php(394): latest_news_widget->widget(Array, Array)
#1 /Applications/MAMP/htdocs/progettovenerdi/wp-includes/widgets.php(835): WP_Widget->display_callback(Array, Array)
#2 /Applications/MAMP/htdocs/progettovenerdi/wp-content/themes/astra/inc/markup-extras.php(1283): dynamic_sidebar('footer-widget-2')
#3 /Applications/MAMP/htdocs/progettovenerdi/wp-content/themes/astra/template-parts/footer/builder/components.php(71): astra_get_sidebar('footer-widget-2')
#4 /Applications/MAMP/htdocs/progettovenerdi/wp-includes/template.php(785): require('/Applications/M...')
#5 /Applications/MAMP/htdocs/progettovenerdi/wp-includes/template.php(718): load_template('/Applications/M...', false, Array)
#6 /Applications/MAMP/htdocs/progettovenerdi/wp-includes/genera in /Applications/MAMP/htdocs/progettovenerdi/wp-content/plugins/belinni-theme-addons/widgets/post-widget.php alla riga 66

2023-03-03T10:46:05+00:00 CRITICAL Uncaught Error: Call to undefined function pixelshow_string_limit_words() in /Applications/MAMP/htdocs/progettovenerdi/wp-content/plugins/belinni-theme-addons/widgets/post-widget.php:66
Stack trace:
#0 /Applications/MAMP/htdocs/progettovenerdi/wp-includes/class-wp-widget.php(394): latest_news_widget->widget(Array, Array)
#1 /Applications/MAMP/htdocs/progettovenerdi/wp-includes/widgets.php(835): WP_Widget->display_callback(Array, Array)
#2 /Applications/MAMP/htdocs/progettovenerdi/wp-content/themes/astra/inc/markup-extras.php(1283): dynamic_sidebar('footer-widget-2')
#3 /Applications/MAMP/htdocs/progettovenerdi/wp-content/themes/astra/template-parts/footer/builder/components.php(71): astra_get_sidebar('footer-widget-2')
#4 /Applications/MAMP/htdocs/progettovenerdi/wp-includes/template.php(785): require('/Applications/M...')
#5 /Applications/MAMP/htdocs/progettovenerdi/wp-includes/template.php(718): load_template('/Applications/M...', false, Array)
#6 /Applications/MAMP/htdocs/progettovenerdi/wp-includes/genera in /Applications/MAMP/htdocs/progettovenerdi/wp-content/plugins/belinni-theme-addons/widgets/post-widget.php alla riga 66

2023-03-03T10:46:06+00:00 CRITICAL Uncaught Error: Call to undefined function pixelshow_string_limit_words() in /Applications/MAMP/htdocs/progettovenerdi/wp-content/plugins/belinni-theme-addons/widgets/post-widget.php:66
Stack trace:
#0 /Applications/MAMP/htdocs/progettovenerdi/wp-includes/class-wp-widget.php(394): latest_news_widget->widget(Array, Array)
#1 /Applications/MAMP/htdocs/progettovenerdi/wp-includes/widgets.php(835): WP_Widget->display_callback(Array, Array)
#2 /Applications/MAMP/htdocs/progettovenerdi/wp-content/themes/astra/inc/markup-extras.php(1283): dynamic_sidebar('footer-widget-2')
#3 /Applications/MAMP/htdocs/progettovenerdi/wp-content/themes/astra/template-parts/footer/builder/components.php(71): astra_get_sidebar('footer-widget-2')
#4 /Applications/MAMP/htdocs/progettovenerdi/wp-includes/template.php(785): require('/Applications/M...')
#5 /Applications/MAMP/htdocs/progettovenerdi/wp-includes/template.php(718): load_template('/Applications/M...', false, Array)
#6 /Applications/MAMP/htdocs/progettovenerdi/wp-includes/genera in /Applications/MAMP/htdocs/progettovenerdi/wp-content/plugins/belinni-theme-addons/widgets/post-widget.php alla riga 66

2023-03-03T10:46:14+00:00 CRITICAL Uncaught Error: Call to undefined function pixelshow_string_limit_words() in /Applications/MAMP/htdocs/progettovenerdi/wp-content/plugins/belinni-theme-addons/widgets/post-widget.php:66
Stack trace:
#0 /Applications/MAMP/htdocs/progettovenerdi/wp-includes/class-wp-widget.php(394): latest_news_widget->widget(Array, Array)
#1 /Applications/MAMP/htdocs/progettovenerdi/wp-includes/widgets.php(835): WP_Widget->display_callback(Array, Array)
#2 /Applications/MAMP/htdocs/progettovenerdi/wp-content/themes/astra/inc/markup-extras.php(1283): dynamic_sidebar('footer-widget-2')
#3 /Applications/MAMP/htdocs/progettovenerdi/wp-content/themes/astra/template-parts/footer/builder/components.php(71): astra_get_sidebar('footer-widget-2')
#4 /Applications/MAMP/htdocs/progettovenerdi/wp-includes/template.php(785): require('/Applications/M...')
#5 /Applications/MAMP/htdocs/progettovenerdi/wp-includes/template.php(718): load_template('/Applications/M...', false, Array)
#6 /Applications/MAMP/htdocs/progettovenerdi/wp-includes/genera in /Applications/MAMP/htdocs/progettovenerdi/wp-content/plugins/belinni-theme-addons/widgets/post-widget.php alla riga 66

2023-03-03T10:46:16+00:00 CRITICAL Uncaught Error: Call to undefined function pixelshow_string_limit_words() in /Applications/MAMP/htdocs/progettovenerdi/wp-content/plugins/belinni-theme-addons/widgets/post-widget.php:66
Stack trace:
#0 /Applications/MAMP/htdocs/progettovenerdi/wp-includes/class-wp-widget.php(394): latest_news_widget->widget(Array, Array)
#1 /Applications/MAMP/htdocs/progettovenerdi/wp-includes/widgets.php(835): WP_Widget->display_callback(Array, Array)
#2 /Applications/MAMP/htdocs/progettovenerdi/wp-content/themes/astra/inc/markup-extras.php(1283): dynamic_sidebar('footer-widget-2')
#3 /Applications/MAMP/htdocs/progettovenerdi/wp-content/themes/astra/template-parts/footer/builder/components.php(71): astra_get_sidebar('footer-widget-2')
#4 /Applications/MAMP/htdocs/progettovenerdi/wp-includes/template.php(785): require('/Applications/M...')
#5 /Applications/MAMP/htdocs/progettovenerdi/wp-includes/template.php(718): load_template('/Applications/M...', false, Array)
#6 /Applications/MAMP/htdocs/progettovenerdi/wp-includes/genera in /Applications/MAMP/htdocs/progettovenerdi/wp-content/plugins/belinni-theme-addons/widgets/post-widget.php alla riga 66

2023-03-03T10:46:21+00:00 CRITICAL Uncaught Error: Call to undefined function pixelshow_string_limit_words() in /Applications/MAMP/htdocs/progettovenerdi/wp-content/plugins/belinni-theme-addons/widgets/post-widget.php:66
Stack trace:
#0 /Applications/MAMP/htdocs/progettovenerdi/wp-includes/class-wp-widget.php(394): latest_news_widget->widget(Array, Array)
#1 /Applications/MAMP/htdocs/progettovenerdi/wp-includes/widgets.php(835): WP_Widget->display_callback(Array, Array)
#2 /Applications/MAMP/htdocs/progettovenerdi/wp-content/themes/astra/inc/markup-extras.php(1283): dynamic_sidebar('footer-widget-2')
#3 /Applications/MAMP/htdocs/progettovenerdi/wp-content/themes/astra/template-parts/footer/builder/components.php(71): astra_get_sidebar('footer-widget-2')
#4 /Applications/MAMP/htdocs/progettovenerdi/wp-includes/template.php(785): require('/Applications/M...')
#5 /Applications/MAMP/htdocs/progettovenerdi/wp-includes/template.php(718): load_template('/Applications/M...', false, Array)
#6 /Applications/MAMP/htdocs/progettovenerdi/wp-includes/genera in /Applications/MAMP/htdocs/progettovenerdi/wp-content/plugins/belinni-theme-addons/widgets/post-widget.php alla riga 66

2023-03-03T10:46:28+00:00 CRITICAL Uncaught Error: Call to undefined function pixelshow_string_limit_words() in /Applications/MAMP/htdocs/progettovenerdi/wp-content/plugins/belinni-theme-addons/widgets/post-widget.php:66
Stack trace:
#0 /Applications/MAMP/htdocs/progettovenerdi/wp-includes/class-wp-widget.php(394): latest_news_widget->widget(Array, Array)
#1 /Applications/MAMP/htdocs/progettovenerdi/wp-includes/widgets.php(835): WP_Widget->display_callback(Array, Array)
#2 /Applications/MAMP/htdocs/progettovenerdi/wp-content/themes/astra/inc/markup-extras.php(1283): dynamic_sidebar('footer-widget-2')
#3 /Applications/MAMP/htdocs/progettovenerdi/wp-content/themes/astra/template-parts/footer/builder/components.php(71): astra_get_sidebar('footer-widget-2')
#4 /Applications/MAMP/htdocs/progettovenerdi/wp-includes/template.php(785): require('/Applications/M...')
#5 /Applications/MAMP/htdocs/progettovenerdi/wp-includes/template.php(718): load_template('/Applications/M...', false, Array)
#6 /Applications/MAMP/htdocs/progettovenerdi/wp-includes/genera in /Applications/MAMP/htdocs/progettovenerdi/wp-content/plugins/belinni-theme-addons/widgets/post-widget.php alla riga 66

2023-03-03T10:46:52+00:00 CRITICAL Uncaught Error: Call to undefined function pixelshow_string_limit_words() in /Applications/MAMP/htdocs/progettovenerdi/wp-content/plugins/belinni-theme-addons/widgets/post-widget.php:66
Stack trace:
#0 /Applications/MAMP/htdocs/progettovenerdi/wp-includes/class-wp-widget.php(394): latest_news_widget->widget(Array, Array)
#1 /Applications/MAMP/htdocs/progettovenerdi/wp-includes/widgets.php(835): WP_Widget->display_callback(Array, Array)
#2 /Applications/MAMP/htdocs/progettovenerdi/wp-content/themes/astra/inc/markup-extras.php(1283): dynamic_sidebar('footer-widget-2')
#3 /Applications/MAMP/htdocs/progettovenerdi/wp-content/themes/astra/template-parts/footer/builder/components.php(71): astra_get_sidebar('footer-widget-2')
#4 /Applications/MAMP/htdocs/progettovenerdi/wp-includes/template.php(785): require('/Applications/M...')
#5 /Applications/MAMP/htdocs/progettovenerdi/wp-includes/template.php(718): load_template('/Applications/M...', false, Array)
#6 /Applications/MAMP/htdocs/progettovenerdi/wp-includes/genera in /Applications/MAMP/htdocs/progettovenerdi/wp-content/plugins/belinni-theme-addons/widgets/post-widget.php alla riga 66

2023-03-03T10:46:57+00:00 CRITICAL Uncaught Error: Call to undefined function pixelshow_string_limit_words() in /Applications/MAMP/htdocs/progettovenerdi/wp-content/plugins/belinni-theme-addons/widgets/post-widget.php:66
Stack trace:
#0 /Applications/MAMP/htdocs/progettovenerdi/wp-includes/class-wp-widget.php(394): latest_news_widget->widget(Array, Array)
#1 /Applications/MAMP/htdocs/progettovenerdi/wp-includes/widgets.php(835): WP_Widget->display_callback(Array, Array)
#2 /Applications/MAMP/htdocs/progettovenerdi/wp-content/themes/astra/inc/markup-extras.php(1283): dynamic_sidebar('footer-widget-2')
#3 /Applications/MAMP/htdocs/progettovenerdi/wp-content/themes/astra/template-parts/footer/builder/components.php(71): astra_get_sidebar('footer-widget-2')
#4 /Applications/MAMP/htdocs/progettovenerdi/wp-includes/template.php(785): require('/Applications/M...')
#5 /Applications/MAMP/htdocs/progettovenerdi/wp-includes/template.php(718): load_template('/Applications/M...', false, Array)
#6 /Applications/MAMP/htdocs/progettovenerdi/wp-includes/genera in /Applications/MAMP/htdocs/progettovenerdi/wp-content/plugins/belinni-theme-addons/widgets/post-widget.php alla riga 66

